[21:51:35] [INIT] KubeJS 2001.6.5-build.16; MC 2001 forge
[21:51:35] [INIT] Loaded plugins:
[21:51:35] [INIT] - dev.latvian.mods.kubejs.forge.BuiltinKubeJSForgePlugin
[21:51:35] [INIT] - dev.ftb.mods.ftbxmodcompat.ftbquests.kubejs.KubeJSIntegration
[21:51:35] [INIT] - dev.ftb.mods.ftbxmodcompat.ftbteams.kubejs.FTBTeamsKubeJSPlugin
[21:51:35] [INIT] - com.nameless.indestructible.compat.kubejs.PatchJSPlugin
[21:51:35] [INIT] - dev.latvian.mods.kubejs.create.KubeJSCreatePlugin
[21:51:35] [INIT] - com.mega.revelationfix.common.compat.kjs.KubeJSPlugin
[21:51:35] [INIT] - com.almostreliable.lootjs.kube.LootJSPlugin
[21:51:36] [INFO] Loaded script server_scripts:armor.js in 0.006 s
[21:51:36] [INFO] Loaded script server_scripts:compass.js in 0.001 s
[21:51:36] [INFO] Loaded script server_scripts:Enigmatic.js in 0.001 s
[21:51:36] [INFO] Loaded script server_scripts:furnace.js in 0.0 s
[21:51:36] [INFO] Loaded script server_scripts:gold.js in 0.0 s
[21:51:36] [INFO] Loaded script server_scripts:macabre.js in 0.0 s
[21:51:36] [INFO] Loaded script server_scripts:marium fix.js in 0.0 s
[21:51:36] [INFO] Loaded script server_scripts:removed.js in 0.0 s
[21:51:36] [INFO] Loaded script server_scripts:ruby smithing template.js in 0.0 s
[21:51:36] [INFO] Loaded script server_scripts:stealth fix.js in 0.0 s
[21:51:36] [INFO] Loaded script server_scripts:terramity magic gun recipes.js in 0.002 s
[21:51:36] [INFO] Loaded script server_scripts:trim fix.js in 0.001 s
[21:51:36] [INFO] Loaded script server_scripts:waystone fix.js in 0.003 s
[21:51:36] [INFO] Loaded script server_scripts:weapon fix.js in 0.003 s
[21:51:36] [INFO] Loaded 14/14 KubeJS server scripts in 0.038 s with 0 errors and 0 warnings
[21:51:36] [INFO] Scripts loaded
[21:51:36] [INFO] Initializing recipe event...
[21:51:39] [INFO] [minecraft:block] Found 1101 tags, added 4 objects, removed 4 objects
[21:51:39] [INFO] [minecraft:item] Found 1668 tags, added 19 objects, removed 21 objects
[21:51:51] [INFO] Processing recipes...
[21:51:51] [WARN] Failed to parse recipe 'cthulhufishing:hood_deep_void_craft[minecraft:smithing_transform]'! Falling back to vanilla: ItemStack 'result' can't be empty!
[21:51:51] [WARN] Failed to parse recipe 'stalwart_dungeons:netherite_hammer_recipe[minecraft:smithing_transform]'! Falling back to vanilla: Ingredient 'template' can't be empty!
[21:51:51] [WARN] Failed to parse recipe 'luminousworld:goldhammerrecipe[minecraft:smithing_transform]'! Falling back to vanilla: Ingredient 'template' can't be empty!
[21:51:51] [WARN] Failed to parse recipe 'bygonenether:stonecutting/cracked_withered_blackstone_vertical_slab_from_cracked_withered_blackstone_stonecutting[minecraft:stonecutting]'! Falling back to vanilla: ItemStack 'result' can't be empty!
[21:51:51] [WARN] Failed to parse recipe 'dungeons_and_combat:dark_metal_boots[minecraft:smithing_transform]'! Falling back to vanilla: Ingredient 'base' can't be empty!
[21:51:51] [WARN] Failed to parse recipe 'mutantsbuff:creeper_shard_plus_hammer[minecraft:smithing_transform]'! Falling back to vanilla: Ingredient 'template' can't be empty!
[21:51:51] [WARN] Failed to parse recipe 'cthulhufishing:tentacle_staffrecipe[minecraft:smithing_transform]'! Falling back to vanilla: Ingredient 'template' can't be empty!
[21:51:51] [WARN] Failed to parse recipe 'aether_redux:genesis_dark_gummy_swet[minecraft:crafting_shapeless]'! Falling back to vanilla: ItemStack 'result' can't be empty!
[21:51:51] [WARN] Failed to parse recipe 'medieval_deco:guimiddle[minecraft:crafting_shaped]'! Falling back to vanilla: ItemStack 'result' can't be empty!
[21:51:51] [WARN] Failed to parse recipe 'soulsweapons:frenzied_shade_disc[minecraft:crafting_shaped]'! Falling back to vanilla: ItemStack 'result' can't be empty!
[21:51:51] [WARN] Failed to parse recipe 'mutantsbuff:combine_the_hammer[minecraft:smithing_transform]'! Falling back to vanilla: Ingredient 'template' can't be empty!
[21:51:51] [WARN] Failed to parse recipe 'aetherdelight:addon_redux/aether_grass_from_bale[minecraft:crafting_shapeless]'! Falling back to vanilla: ItemStack 'result' can't be empty!
[21:51:51] [WARN] Failed to parse recipe 'stalwart_dungeons:wartedtungstenhelmetrecipe[minecraft:smithing_transform]'! Falling back to vanilla: Ingredient 'template' can't be empty!
[21:51:51] [WARN] Failed to parse recipe 'dungeons_and_combat:light_upgrade_molten_bone_greatsword[minecraft:smithing_transform]'! Falling back to vanilla: ItemStack 'result' can't be empty!
[21:51:51] [WARN] Failed to parse recipe 'aetherdelight:addon_redux/quickroot_from_crate[minecraft:crafting_shapeless]'! Falling back to vanilla: ItemStack 'result' can't be empty!
[21:51:51] [WARN] Failed to parse recipe 'dungeons_and_combat:dark_metal_leggings[minecraft:smithing_transform]'! Falling back to vanilla: Ingredient 'base' can't be empty!
[21:51:51] [WARN] Failed to parse recipe 'aetherdelight:addon_redux/chromaberry_from_crate[minecraft:crafting_shapeless]'! Falling back to vanilla: ItemStack 'result' can't be empty!
[21:51:51] [WARN] Failed to parse recipe 'stalwart_dungeons:wartedtungstenchestplaterecipe[minecraft:smithing_transform]'! Falling back to vanilla: Ingredient 'template' can't be empty!
[21:51:51] [WARN] Failed to parse recipe 'stalwart_dungeons:wartedtungstenleggingsrecipe[minecraft:smithing_transform]'! Falling back to vanilla: Ingredient 'template' can't be empty!
[21:51:51] [WARN] Failed to parse recipe 'vivecraft:jumpboots[minecraft:crafting_shaped]'! Falling back to vanilla: ItemStack 'result' can't be empty!
[21:51:51] [WARN] Failed to parse recipe 'mutantsbuff:aadd[minecraft:smithing_transform]'! Falling back to vanilla: Ingredient 'template' can't be empty!
[21:51:51] [WARN] Failed to parse recipe 'aether_treasure_reforging:valkyrie_upgrade_smithing_template[minecraft:crafting_shaped]'! Falling back to vanilla: ItemStack 'result' can't be empty!
[21:51:51] [WARN] Failed to parse recipe 'stalwart_dungeons:wartedtungstenbootsrecipe[minecraft:smithing_transform]'! Falling back to vanilla: Ingredient 'template' can't be empty!
[21:51:51] [WARN] Failed to parse recipe 'bygonenether:stonecutting/withered_blackstone_vertical_slab_from_withered_blackstone_stonecutting[minecraft:stonecutting]'! Falling back to vanilla: ItemStack 'result' can't be empty!
[21:51:51] [WARN] Failed to parse recipe 'vivecraft:climbclaws[minecraft:crafting_shaped]'! Falling back to vanilla: ItemStack 'result' can't be empty!
[21:51:51] [WARN] Failed to parse recipe 'medieval_deco:guibottom[minecraft:crafting_shaped]'! Falling back to vanilla: ItemStack 'result' can't be empty!
[21:51:51] [WARN] Failed to parse recipe 'luminousworld:diamondhammerrecipe[minecraft:smithing_transform]'! Falling back to vanilla: Ingredient 'template' can't be empty!
[21:51:51] [WARN] Failed to parse recipe 'cthulhufishing:mask_of_revelation_craft[minecraft:smithing_transform]'! Falling back to vanilla: Ingredient 'template' can't be empty!
[21:51:51] [WARN] Failed to parse recipe 'dungeons_and_combat:dark_metal_helmet[minecraft:smithing_transform]'! Falling back to vanilla: Ingredient 'base' can't be empty!
[21:51:51] [WARN] Failed to parse recipe 'bygonenether:stonecutting/warped_nether_brick_vertical_slab_from_warped_nether_bricks_stonecutting[minecraft:stonecutting]'! Falling back to vanilla: ItemStack 'result' can't be empty!
[21:51:51] [WARN] Failed to parse recipe 'aether_treasure_reforging:phoenix_upgrade_smithing_template[minecraft:crafting_shaped]'! Falling back to vanilla: ItemStack 'result' can't be empty!
[21:51:51] [WARN] Failed to parse recipe 'dungeons_and_combat:light_upgrade_blazing_halberd[minecraft:smithing_transform]'! Falling back to vanilla: ItemStack 'result' can't be empty!
[21:51:51] [WARN] Failed to parse recipe 'medieval_deco:guitop[minecraft:crafting_shaped]'! Falling back to vanilla: ItemStack 'result' can't be empty!
[21:51:51] [WARN] Failed to parse recipe 'stalwart_dungeons:warted_tungsten_shield_recipe[minecraft:smithing_transform]'! Falling back to vanilla: Ingredient 'template' can't be empty!
[21:51:51] [WARN] Failed to parse recipe 'mutantsbuff:creeper_shard_plus_ham_2[minecraft:smithing_transform]'! Falling back to vanilla: Ingredient 'template' can't be empty!
[21:51:51] [WARN] Failed to parse recipe 'mutantsbuff:combine_quakebringer[minecraft:smithing_transform]'! Falling back to vanilla: Ingredient 'template' can't be empty!
[21:51:51] [WARN] Failed to parse recipe 'luminousworld:netheritehammerupgrade[minecraft:smithing_transform]'! Falling back to vanilla: Ingredient 'template' can't be empty!
[21:51:51] [WARN] Failed to parse recipe 'cthulhufishing:great_sword_revelation_craft[minecraft:smithing_transform]'! Falling back to vanilla: Ingredient 'template' can't be empty!
[21:51:51] [WARN] Failed to parse recipe 'aetherdelight:addon_redux/straw[minecraft:smelting]'! Falling back to vanilla: Ingredient 'ingredient' can't be empty!
[21:51:51] [WARN] Failed to parse recipe 'aether_treasure_reforging:neptune_upgrade_smithing_template[minecraft:crafting_shaped]'! Falling back to vanilla: ItemStack 'result' can't be empty!
[21:51:51] [WARN] Failed to parse recipe 'dungeons_and_combat:dark_metal_chestplate[minecraft:smithing_transform]'! Falling back to vanilla: Ingredient 'base' can't be empty!
[21:51:51] [INFO] Found 17788 recipes in 310.2 ms
[21:51:51] [INFO] Posted recipe events in 39.00 ms
[21:51:51] [WARN] Error parsing recipe aether_treasure_reforging:neptune_upgrade_smithing_template[minecraft:crafting_shaped]: {"type":"minecraft:crafting_shaped","category":"misc","key":{"#":{"item":"aether_redux:gravitite_ingot"},"C":{"item":"aether:carved_stone"},"S":{"item":"aether_treasure_reforging:neptune_upgrade_smithing_template"}},"pattern":["#S#","#C#","###"],"result":{"count":2,"item":"aether_treasure_reforging:neptune_upgrade_smithing_template"},"show_notification":true}: Unknown item 'aether_treasure_reforging:neptune_upgrade_smithing_template'
[21:51:51] [WARN] Error parsing recipe aetherdelight:addon_redux/cutting/axe/springshroom_hyphae[farmersdelight:cutting]: {"conditions":[{"type":"forge:mod_loaded","modid":"farmersdelight"},{"type":"forge:mod_loaded","modid":"aether"},{"type":"forge:mod_loaded","modid":"aether_redux"}],"type":"farmersdelight:cutting","ingredients":[{"item":"aether_redux:springshroom_hyphae"}],"tool":{"type":"farmersdelight:tool_action","action":"axe_dig"},"result":[{"item":"aether_redux:springshroom_planks","count":4},{"item":"farmersdelight:tree_bark"}]}: Unknown item 'aether_redux:springshroom_hyphae'
[21:51:51] [WARN] Error parsing recipe dungeons_and_combat:dark_metal_chestplate[minecraft:smithing_transform]: {"type":"minecraft:smithing_transform","template":{"item":"dungeons_and_combat:tohi_smithing_template"},"base":{"item":"born_in_chaos_v1:dark_metal_armor_chestplate"},"addition":{"item":"born_in_chaos_v1:pieceofdarkmetal"},"result":{"item":"dungeons_and_combat:dark_metal_chestplate"}}: Unknown item 'born_in_chaos_v1:dark_metal_armor_chestplate'
[21:51:51] [WARN] Error parsing recipe medieval_deco:guimiddle[minecraft:crafting_shaped]: {"type":"minecraft:crafting_shaped","category":"misc","pattern":["012","3 5","6 8"],"key":{"0":{"item":"minecraft:oak_log"},"1":{"item":"minecraft:string"},"2":{"item":"minecraft:oak_log"},"3":{"item":"minecraft:oak_log"},"5":{"item":"minecraft:oak_log"},"6":{"item":"minecraft:oak_log"},"8":{"item":"minecraft:oak_log"}},"result":{"item":"medieval_deco:guillotine_middle","count":1}}: Unknown item 'medieval_deco:guillotine_middle'
[21:51:51] [WARN] Error parsing recipe aetherdelight:addon_redux/straw[minecraft:smelting]: {"conditions":[{"type":"forge:mod_loaded","modid":"farmersdelight"},{"type":"forge:mod_loaded","modid":"aether"},{"type":"forge:mod_loaded","modid":"aether_redux"}],"type":"minecraft:smelting","cookingtime":200,"experience":0.35,"ingredient":{"item":"aether_redux:bundle_of_aether_grass"},"result":"farmersdelight:straw"}: Unknown item 'aether_redux:bundle_of_aether_grass'
[21:51:51] [WARN] Error parsing recipe aetherdelight:addon_redux/cutting/knife/blighted_fungi[farmersdelight:cutting]: {"conditions":[{"type":"forge:mod_loaded","modid":"farmersdelight"},{"type":"forge:mod_loaded","modid":"aether"},{"type":"forge:mod_loaded","modid":"aether_redux"}],"type":"farmersdelight:cutting","ingredients":[{"item":"aether_redux:blighted_fungi"}],"result":[{"count":1,"item":"minecraft:gray_dye"},{"count":1,"item":"minecraft:green_dye"},{"count":1,"chance":0.25,"item":"aether_redux:blighted_spores"}],"tool":{"tag":"forge:tools/knives"}}: Unknown item 'aether_redux:blighted_fungi'
[21:51:51] [WARN] Error parsing recipe shutter:wisteria_shutter[minecraft:crafting_shaped]: {"type":"minecraft:crafting_shaped","category":"misc","key":{},"pattern":["   ","   "],"result":{"count":2,"item":"shutter:wisteria_shutter"},"show_notification":true}: Index 0 out of bounds for length 0
[21:51:51] [WARN] Error parsing recipe lethality:broken_biome_blade[minecraft:crafting_shaped]: {"type":"minecraft:crafting_shaped","pattern":["184","5W7","263"],"key":{"1":{"item":"terramity:topaz_sword"},"2":{"item":"terramity:ruby_sword"},"3":{"item":"terramity:sapphire_sword"},"4":{"item":"terramity:onyx_sword"},"5":{"item":"terramity:sapphire"},"6":{"item":"terramity:ruby"},"7":{"item":"terramity:topaz"},"8":{"item":"terramity:onyx"},"A":{"item":"minecraft:barrier"}},"result":{"item":"lethality:broken_biome_blade","count":1}}: Pattern references symbol 'W' but it's not defined in the key
[21:51:51] [WARN] Error parsing recipe dungeons_and_combat:light_upgrade_blazing_halberd[minecraft:smithing_transform]: {"type":"minecraft:smithing_transform","template":{"item":"dungeons_and_combat:light_smithing_template"},"base":{"item":"dungeons_and_combat:deleted_mod_element"},"addition":{"item":"dungeons_and_combat:blazing_ingot"},"result":{"item":"dungeons_and_combat:deleted_mod_element"}}: Unknown item 'dungeons_and_combat:deleted_mod_element'
[21:51:51] [WARN] Error parsing recipe aetherdelight:addon_redux/cutting/knife/sweetblossom[farmersdelight:cutting]: {"conditions":[{"type":"forge:mod_loaded","modid":"farmersdelight"},{"type":"forge:mod_loaded","modid":"aether"},{"type":"forge:mod_loaded","modid":"aether_redux"}],"type":"farmersdelight:cutting","ingredients":[{"item":"aether_redux:sweetblossom"}],"result":[{"count":2,"item":"minecraft:magenta_dye"}],"tool":{"tag":"forge:tools/knives"}}: Unknown item 'aether_redux:sweetblossom'
[21:51:51] [WARN] Error parsing recipe aetherdelight:addon_redux/cutting/knife/fieldsprout_petals[farmersdelight:cutting]: {"conditions":[{"type":"forge:mod_loaded","modid":"farmersdelight"},{"type":"forge:mod_loaded","modid":"aether"},{"type":"forge:mod_loaded","modid":"aether_redux"}],"type":"farmersdelight:cutting","ingredients":[{"item":"aether_redux:fieldsprout_petals"}],"result":[{"count":1,"chance":0.25,"item":"minecraft:light_blue_dye"},{"count":1,"chance":0.25,"item":"minecraft:cyan_dye"},{"count":1,"chance":0.25,"item":"minecraft:magenta_dye"},{"count":1,"chance":0.25,"item":"minecraft:pink_dye"}],"tool":{"tag":"forge:tools/knives"}}: Unknown item 'aether_redux:fieldsprout_petals'
[21:51:51] [WARN] Error parsing recipe aetherdelight:addon_redux/cutting/axe/springshroom_stem[farmersdelight:cutting]: {"conditions":[{"type":"forge:mod_loaded","modid":"farmersdelight"},{"type":"forge:mod_loaded","modid":"aether"},{"type":"forge:mod_loaded","modid":"aether_redux"}],"type":"farmersdelight:cutting","ingredients":[{"item":"aether_redux:springshroom_stem"}],"tool":{"type":"farmersdelight:tool_action","action":"axe_dig"},"result":[{"item":"aether_redux:springshroom_planks","count":4},{"item":"farmersdelight:tree_bark"}]}: Unknown item 'aether_redux:springshroom_stem'
[21:51:51] [WARN] Error parsing recipe aetherdelight:addon_redux/strange_root_salad[minecraft:crafting_shapeless]: {"conditions":[{"type":"forge:mod_loaded","modid":"farmersdelight"},{"type":"forge:mod_loaded","modid":"aether"},{"type":"forge:mod_loaded","modid":"aether_redux"}],"type":"minecraft:crafting_shapeless","ingredients":[{"item":"aether_redux:quickroot"},{"item":"aether_redux:lightroot_clump"},{"item":"minecraft:bowl"}],"result":{"count":1,"item":"aetherdelight:strange_root_salad"}}: Unknown item 'aether_redux:quickroot'
[21:51:51] [WARN] Error parsing recipe aether_treasure_reforging:phoenix_upgrade_smithing_template[minecraft:crafting_shaped]: {"type":"minecraft:crafting_shaped","category":"misc","key":{"#":{"item":"aether_redux:gravitite_ingot"},"C":{"item":"aether:hellfire_stone"},"S":{"item":"aether_treasure_reforging:phoenix_upgrade_smithing_template"}},"pattern":["#S#","#C#","###"],"result":{"count":2,"item":"aether_treasure_reforging:phoenix_upgrade_smithing_template"},"show_notification":true}: Unknown item 'aether_treasure_reforging:phoenix_upgrade_smithing_template'
[21:51:51] [WARN] Error parsing recipe aetherdelight:addon_redux/cutting/knife/gilded_white_flower[farmersdelight:cutting]: {"conditions":[{"type":"forge:mod_loaded","modid":"farmersdelight"},{"type":"forge:mod_loaded","modid":"aether"},{"type":"forge:mod_loaded","modid":"aether_redux"}],"type":"farmersdelight:cutting","ingredients":[{"item":"aether_redux:gilded_white_flower"}],"result":[{"count":2,"item":"minecraft:white_dye"}],"tool":{"tag":"forge:tools/knives"}}: Unknown item 'aether_redux:gilded_white_flower'
[21:51:51] [WARN] Error parsing recipe minecells:compat/farmersdelight/cutting/putrid_trapdoor[farmersdelight:cutting]: {"fabric:load_conditions":[{"condition":"fabric:all_mods_loaded","values":["farmersdelight"]}],"type":"farmersdelight:cutting","ingredients":[{"item":"minecells:putrid_trapdoor"}],"tool":{"type":"farmersdelight:tool","tag":"c:tools/axes"},"result":[{"item":"minecells:putrid_planks"}]}: Unknown ingredient type: farmersdelight:tool
[21:51:51] [WARN] Error parsing recipe aetherdelight:addon_redux/cutting/axe/fieldsprout_wood[farmersdelight:cutting]: {"conditions":[{"type":"forge:mod_loaded","modid":"farmersdelight"},{"type":"forge:mod_loaded","modid":"aether"},{"type":"forge:mod_loaded","modid":"aether_redux"}],"type":"farmersdelight:cutting","ingredients":[{"item":"aether_redux:fieldsprout_wood"}],"tool":{"type":"farmersdelight:tool_action","action":"axe_dig"},"result":[{"item":"aether_redux:stripped_fieldsprout_wood"},{"item":"farmersdelight:tree_bark"}]}: Unknown item 'aether_redux:fieldsprout_wood'
[21:51:52] [WARN] Error parsing recipe shutter:blossom_shutter[minecraft:crafting_shaped]: {"type":"minecraft:crafting_shaped","category":"misc","key":{},"pattern":["   ","   "],"result":{"count":2,"item":"shutter:blossom_shutter"},"show_notification":true}: Index 0 out of bounds for length 0
[21:51:52] [WARN] Error parsing recipe minecells:compat/farmersdelight/cutting/putrid_wood[farmersdelight:cutting]: {"fabric:load_conditions":[{"condition":"fabric:all_mods_loaded","values":["farmersdelight"]}],"type":"farmersdelight:cutting","ingredients":[{"item":"minecells:putrid_wood"}],"tool":{"type":"farmersdelight:tool","tag":"c:tools/axes"},"result":[{"item":"minecells:stripped_putrid_wood"},{"item":"farmersdelight:tree_bark"}],"sound":"minecraft:item.axe.strip"}: Unknown ingredient type: farmersdelight:tool
[21:51:52] [WARN] Error parsing recipe shutter:cypress_shutter[minecraft:crafting_shaped]: {"type":"minecraft:crafting_shaped","category":"misc","key":{},"pattern":["   ","   "],"result":{"count":2,"item":"shutter:cypress_shutter"},"show_notification":true}: Index 0 out of bounds for length 0
[21:51:52] [WARN] Error parsing recipe shutter:muddy_oak_shutter[minecraft:crafting_shaped]: {"type":"minecraft:crafting_shaped","category":"misc","key":{},"pattern":["   ","   "],"result":{"count":2,"item":"shutter:muddy_oak_shutter"},"show_notification":true}: Index 0 out of bounds for length 0
[21:51:52] [WARN] Error parsing recipe shutter:walnut_shutter[minecraft:crafting_shaped]: {"type":"minecraft:crafting_shaped","category":"misc","key":{},"pattern":["   ","   "],"result":{"count":2,"item":"shutter:walnut_shutter"},"show_notification":true}: Index 0 out of bounds for length 0
[21:51:52] [WARN] Error parsing recipe dungeons_and_combat:dark_metal_helmet[minecraft:smithing_transform]: {"type":"minecraft:smithing_transform","template":{"item":"dungeons_and_combat:tohi_smithing_template"},"base":{"item":"born_in_chaos_v1:dark_metal_armor_helmet"},"addition":{"item":"born_in_chaos_v1:pieceofdarkmetal"},"result":{"item":"dungeons_and_combat:dark_metal_helmet"}}: Unknown item 'born_in_chaos_v1:dark_metal_armor_helmet'
[21:51:52] [WARN] Error parsing recipe aetherdelight:addon_redux/quickroot_crate[minecraft:crafting_shaped]: {"conditions":[{"type":"forge:mod_loaded","modid":"farmersdelight"},{"type":"forge:mod_loaded","modid":"aether"},{"type":"forge:mod_loaded","modid":"aether_redux"}],"type":"minecraft:crafting_shaped","key":{},"pattern":["   ","   ","   "],"result":{"item":"aetherdelight:quickroot_crate"}}: Index 0 out of bounds for length 0
[21:51:52] [WARN] Error parsing recipe aetherdelight:addon_redux/cutting/knife/frosted_purple_flower[farmersdelight:cutting]: {"conditions":[{"type":"forge:mod_loaded","modid":"farmersdelight"},{"type":"forge:mod_loaded","modid":"aether"},{"type":"forge:mod_loaded","modid":"aether_redux"}],"type":"farmersdelight:cutting","ingredients":[{"item":"aether_redux:frosted_purple_flower"}],"result":[{"count":2,"item":"minecraft:purple_dye"}],"tool":{"tag":"forge:tools/knives"}}: Unknown item 'aether_redux:frosted_purple_flower'
[21:51:52] [WARN] Error parsing recipe shutter:azure_shutter[minecraft:crafting_shaped]: {"type":"minecraft:crafting_shaped","category":"misc","key":{},"pattern":["   ","   "],"result":{"count":2,"item":"shutter:azure_shutter"},"show_notification":true}: Index 0 out of bounds for length 0
[21:51:52] [WARN] Error parsing recipe medieval_deco:guibottom[minecraft:crafting_shaped]: {"type":"minecraft:crafting_shaped","category":"misc","pattern":["012","345","678"],"key":{"0":{"item":"minecraft:oak_log"},"1":{"item":"minecraft:oak_trapdoor"},"2":{"item":"minecraft:oak_log"},"3":{"item":"minecraft:oak_log"},"4":{"item":"minecraft:oak_trapdoor"},"5":{"item":"minecraft:oak_log"},"6":{"item":"minecraft:oak_wood"},"7":{"item":"minecraft:oak_wood"},"8":{"item":"minecraft:oak_wood"}},"result":{"item":"medieval_deco:guillotine","count":1}}: Unknown item 'medieval_deco:guillotine'
[21:51:52] [WARN] Error parsing recipe aetherdelight:addon_redux/aether_grass_from_bale[minecraft:crafting_shapeless]: {"conditions":[{"type":"forge:mod_loaded","modid":"farmersdelight"},{"type":"forge:mod_loaded","modid":"aether"},{"type":"forge:mod_loaded","modid":"aether_redux"}],"type":"minecraft:crafting_shapeless","ingredients":[{"item":"aetherdelight:aether_grass_bale"}],"result":{"count":9,"item":"aether_redux:bundle_of_aether_grass"}}: Unknown item 'aether_redux:bundle_of_aether_grass'
[21:51:52] [WARN] Error parsing recipe aetherdelight:addon_redux/chromaberry_crate[minecraft:crafting_shaped]: {"conditions":[{"type":"forge:mod_loaded","modid":"farmersdelight"},{"type":"forge:mod_loaded","modid":"aether"},{"type":"forge:mod_loaded","modid":"aether_redux"}],"type":"minecraft:crafting_shaped","key":{},"pattern":["   ","   ","   "],"result":{"item":"aetherdelight:chromaberry_crate"}}: Index 0 out of bounds for length 0
[21:51:52] [WARN] Error parsing recipe shutter:gingerbread_shutter[minecraft:crafting_shaped]: {"type":"minecraft:crafting_shaped","category":"misc","key":{},"pattern":["  ","  "],"result":{"count":4,"item":"shutter:gingerbread_shutter"},"show_notification":true}: Index 0 out of bounds for length 0
[21:51:52] [WARN] Error parsing recipe shutter:pine_shutter[minecraft:crafting_shaped]: {"type":"minecraft:crafting_shaped","category":"misc","key":{},"pattern":["   ","   "],"result":{"count":2,"item":"shutter:pine_shutter"},"show_notification":true}: Index 0 out of bounds for length 0
[21:51:52] [WARN] Error parsing recipe shutter:cavern_azalea_shutter[minecraft:crafting_shaped]: {"type":"minecraft:crafting_shaped","category":"misc","key":{},"pattern":["   ","   "],"result":{"count":2,"item":"shutter:cavern_azalea_shutter"},"show_notification":true}: Index 0 out of bounds for length 0
[21:51:52] [WARN] Error parsing recipe shutter:flowering_azalea_shutter[minecraft:crafting_shaped]: {"type":"minecraft:crafting_shaped","category":"misc","key":{},"pattern":["   ","   "],"result":{"count":2,"item":"shutter:flowering_azalea_shutter"},"show_notification":true}: Index 0 out of bounds for length 0
[21:51:52] [WARN] Error parsing recipe dungeons_and_combat:dark_metal_boots[minecraft:smithing_transform]: {"type":"minecraft:smithing_transform","template":{"item":"dungeons_and_combat:tohi_smithing_template"},"base":{"item":"born_in_chaos_v1:dark_metal_armor_boots"},"addition":{"item":"born_in_chaos_v1:pieceofdarkmetal"},"result":{"item":"dungeons_and_combat:dark_metal_boots"}}: Unknown item 'born_in_chaos_v1:dark_metal_armor_boots'
[21:51:52] [WARN] Error parsing recipe aetherdelight:addon_redux/cutting/axe/fieldsprout_log[farmersdelight:cutting]: {"conditions":[{"type":"forge:mod_loaded","modid":"farmersdelight"},{"type":"forge:mod_loaded","modid":"aether"},{"type":"forge:mod_loaded","modid":"aether_redux"}],"type":"farmersdelight:cutting","ingredients":[{"item":"aether_redux:fieldsprout_log"}],"tool":{"type":"farmersdelight:tool_action","action":"axe_dig"},"result":[{"item":"aether_redux:stripped_fieldsprout_log"},{"item":"farmersdelight:tree_bark"}]}: Unknown item 'aether_redux:fieldsprout_log'
[21:51:52] [WARN] Error parsing recipe shutter:palm_shutter[minecraft:crafting_shaped]: {"type":"minecraft:crafting_shaped","category":"misc","key":{},"pattern":["   ","   "],"result":{"count":2,"item":"shutter:palm_shutter"},"show_notification":true}: Index 0 out of bounds for length 0
[21:51:52] [WARN] Error parsing recipe aetherdelight:addon_redux/chromaberry_from_crate[minecraft:crafting_shapeless]: {"conditions":[{"type":"forge:mod_loaded","modid":"farmersdelight"},{"type":"forge:mod_loaded","modid":"aether"},{"type":"forge:mod_loaded","modid":"aether_redux"}],"type":"minecraft:crafting_shapeless","ingredients":[{"item":"aetherdelight:chromaberry_crate"}],"result":{"count":9,"item":"aether_redux:chromaberry"}}: Unknown item 'aether_redux:chromaberry'
[21:51:52] [WARN] Error parsing recipe soulsweapons:frenzied_shade_disc[minecraft:crafting_shaped]: {"type":"minecraft:crafting_shaped","category":"misc","key":{"#":{"item":"soulsweapons:moonstone"},"X":{"item":"soulsweapons:lost_soul"}},"pattern":["#X#","X X","#X#"],"result":{"item":"soulsweapons:frenzied_shade_disc"},"show_notification":true}: Unknown item 'soulsweapons:frenzied_shade_disc'
[21:51:52] [WARN] Error parsing recipe shutter:maple_shutter[minecraft:crafting_shaped]: {"type":"minecraft:crafting_shaped","category":"misc","key":{},"pattern":["   ","   "],"result":{"count":2,"item":"shutter:maple_shutter"},"show_notification":true}: Index 0 out of bounds for length 0
[21:51:52] [WARN] Error parsing recipe shutter:willow_shutter[minecraft:crafting_shaped]: {"type":"minecraft:crafting_shaped","category":"misc","key":{},"pattern":["   ","   "],"result":{"count":2,"item":"shutter:willow_shutter"},"show_notification":true}: Index 0 out of bounds for length 0
[21:51:52] [WARN] Error parsing recipe aetherdelight:addon_redux/oat_cookie[minecraft:crafting_shapeless]: {"conditions":[{"type":"forge:mod_loaded","modid":"farmersdelight"},{"type":"forge:mod_loaded","modid":"aether"},{"type":"forge:mod_loaded","modid":"aether_redux"}],"type":"minecraft:crafting_shapeless","ingredients":[{"item":"aether_redux:chromaberry"},{"item":"aether_redux:oats"},{"item":"aether_redux:oats"}],"result":{"count":8,"item":"aetherdelight:oat_cookie"}}: Unknown item 'aether_redux:chromaberry'
[21:51:52] [WARN] Error parsing recipe aetherdelight:addon_redux/cutting/knife/tall_cloudcap[farmersdelight:cutting]: {"conditions":[{"type":"forge:mod_loaded","modid":"farmersdelight"},{"type":"forge:mod_loaded","modid":"aether"},{"type":"forge:mod_loaded","modid":"aether_redux"}],"type":"farmersdelight:cutting","ingredients":[{"item":"aether_redux:tall_cloudcap"}],"result":[{"count":2,"item":"minecraft:blue_dye"},{"count":1,"chance":0.25,"item":"minecraft:glow_inc_sac"}],"tool":{"tag":"forge:tools/knives"}}: Unknown item 'aether_redux:tall_cloudcap'
[21:51:52] [WARN] Error parsing recipe shutter:plum_shutter[minecraft:crafting_shaped]: {"type":"minecraft:crafting_shaped","category":"misc","key":{},"pattern":["   ","   "],"result":{"count":2,"item":"shutter:plum_shutter"},"show_notification":true}: Index 0 out of bounds for length 0
[21:51:52] [WARN] Error parsing recipe shutter:azalea_shutter[minecraft:crafting_shaped]: {"type":"minecraft:crafting_shaped","category":"misc","key":{},"pattern":["   ","   "],"result":{"count":2,"item":"shutter:azalea_shutter"},"show_notification":true}: Index 0 out of bounds for length 0
[21:51:52] [WARN] Error parsing recipe minecells:compat/farmersdelight/cutting/putrid_log[farmersdelight:cutting]: {"fabric:load_conditions":[{"condition":"fabric:all_mods_loaded","values":["farmersdelight"]}],"type":"farmersdelight:cutting","ingredients":[{"item":"minecells:putrid_log"}],"tool":{"type":"farmersdelight:tool","tag":"c:tools/axes"},"result":[{"item":"minecells:stripped_putrid_log"},{"item":"farmersdelight:tree_bark"}],"sound":"minecraft:item.axe.strip"}: Unknown ingredient type: farmersdelight:tool
[21:51:52] [WARN] Error parsing recipe minecells:compat/farmersdelight/cutting/putrid_door[farmersdelight:cutting]: {"fabric:load_conditions":[{"condition":"fabric:all_mods_loaded","values":["farmersdelight"]}],"type":"farmersdelight:cutting","ingredients":[{"item":"minecells:putrid_door"}],"tool":{"type":"farmersdelight:tool","tag":"c:tools/axes"},"result":[{"item":"minecells:putrid_planks"}]}: Unknown ingredient type: farmersdelight:tool
[21:51:52] [WARN] Error parsing recipe shutter:ancient_shutter[minecraft:crafting_shaped]: {"type":"minecraft:crafting_shaped","category":"misc","key":{},"pattern":["   ","   "],"result":{"count":2,"item":"shutter:ancient_shutter"},"show_notification":true}: Index 0 out of bounds for length 0
[21:51:52] [WARN] Error parsing recipe aetherdelight:addon_redux/aether_grass_bale[minecraft:crafting_shaped]: {"conditions":[{"type":"forge:mod_loaded","modid":"farmersdelight"},{"type":"forge:mod_loaded","modid":"aether"},{"type":"forge:mod_loaded","modid":"aether_redux"}],"type":"minecraft:crafting_shaped","key":{},"pattern":["   ","   ","   "],"result":{"item":"aetherdelight:aether_grass_bale"}}: Index 0 out of bounds for length 0
[21:51:52] [WARN] Error parsing recipe medieval_deco:guitop[minecraft:crafting_shaped]: {"type":"minecraft:crafting_shaped","category":"misc","pattern":["012","345","678"],"key":{"0":{"item":"minecraft:oak_planks"},"1":{"item":"minecraft:oak_slab"},"2":{"item":"minecraft:oak_planks"},"3":{"item":"minecraft:oak_log"},"4":{"item":"minecraft:string"},"5":{"item":"minecraft:oak_log"},"6":{"item":"minecraft:oak_log"},"7":{"item":"minecraft:iron_sword"},"8":{"item":"minecraft:oak_log"}},"result":{"item":"medieval_deco:guillotine_top","count":1}}: Unknown item 'medieval_deco:guillotine_top'
[21:51:52] [WARN] Error parsing recipe aetherdelight:addon_redux/quickroot_from_crate[minecraft:crafting_shapeless]: {"conditions":[{"type":"forge:mod_loaded","modid":"farmersdelight"},{"type":"forge:mod_loaded","modid":"aether"},{"type":"forge:mod_loaded","modid":"aether_redux"}],"type":"minecraft:crafting_shapeless","ingredients":[{"item":"aetherdelight:quickroot_crate"}],"result":{"count":9,"item":"aether_redux:quickroot"}}: Unknown item 'aether_redux:quickroot'
[21:51:52] [WARN] Error parsing recipe aetherdelight:addon_redux/luxbuds_salad[minecraft:crafting_shapeless]: {"conditions":[{"type":"forge:mod_loaded","modid":"farmersdelight"},{"type":"forge:mod_loaded","modid":"aether"},{"type":"forge:mod_loaded","modid":"aether_redux"}],"type":"minecraft:crafting_shapeless","ingredients":[{"item":"aether_redux:purified_luxbuds"},{"item":"aether_redux:luxbuds"},{"item":"aether_redux:chromaberry"},{"item":"minecraft:bowl"}],"result":{"count":1,"item":"aetherdelight:luxbuds_salad"}}: Unknown item 'aether_redux:purified_luxbuds'
[21:51:52] [WARN] Error parsing recipe aether_redux:genesis_dark_gummy_swet[minecraft:crafting_shapeless]: {"type":"minecraft:crafting_shapeless","category":"misc","group":"gummy_swet","ingredients":[{"item":"aether_genesis:dark_swet_ball"},{"item":"aether_genesis:dark_swet_ball"},{"item":"aether_genesis:dark_swet_ball"},{"item":"minecraft:sugar"}],"result":{"item":"aether_genesis:dark_gummy_swet"}}: Unknown item 'aether_genesis:dark_swet_ball'
[21:51:52] [WARN] Error parsing recipe aether_treasure_reforging:valkyrie_upgrade_smithing_template[minecraft:crafting_shaped]: {"type":"minecraft:crafting_shaped","category":"misc","key":{"#":{"item":"aether_redux:gravitite_ingot"},"C":{"item":"aether:angelic_stone"},"S":{"item":"aether_treasure_reforging:valkyrie_upgrade_smithing_template"}},"pattern":["#S#","#C#","###"],"result":{"count":2,"item":"aether_treasure_reforging:valkyrie_upgrade_smithing_template"},"show_notification":true}: Unknown item 'aether_treasure_reforging:valkyrie_upgrade_smithing_template'
[21:51:52] [WARN] Error parsing recipe shutter:coconut_shutter[minecraft:crafting_shaped]: {"type":"minecraft:crafting_shaped","category":"misc","key":{},"pattern":["   ","   "],"result":{"count":2,"item":"shutter:coconut_shutter"},"show_notification":true}: Index 0 out of bounds for length 0
[21:51:52] [WARN] Error parsing recipe dungeons_and_combat:light_upgrade_molten_bone_greatsword[minecraft:smithing_transform]: {"type":"minecraft:smithing_transform","template":{"item":"dungeons_and_combat:light_smithing_template"},"base":{"item":"dungeons_and_combat:molten_bone_greatsword"},"addition":{"item":"dungeons_and_combat:molten_bone"},"result":{"item":"dungeons_and_combat:deleted_mod_element"}}: Unknown item 'dungeons_and_combat:deleted_mod_element'
[21:51:52] [WARN] Error parsing recipe dungeons_and_combat:dark_metal_leggings[minecraft:smithing_transform]: {"type":"minecraft:smithing_transform","template":{"item":"dungeons_and_combat:tohi_smithing_template"},"base":{"item":"born_in_chaos_v1:dark_metal_armor_leggings"},"addition":{"item":"born_in_chaos_v1:pieceofdarkmetal"},"result":{"item":"dungeons_and_combat:dark_metal_leggings"}}: Unknown item 'born_in_chaos_v1:dark_metal_armor_leggings'
[21:51:52] [WARN] Error parsing recipe cthulhufishing:hood_deep_void_craft[minecraft:smithing_transform]: {"type":"minecraft:smithing_transform","template":[],"base":{"item":"minecraft:leather_helmet"},"addition":{"item":"cthulhufishing:revelation_fabric"},"result":{"item":"cthulhufishing:deleted_mod_element_helmet"}}: Unknown item 'cthulhufishing:deleted_mod_element_helmet'
[21:51:52] [WARN] Error parsing recipe shutter:azalea_quark_shutter[minecraft:crafting_shaped]: {"type":"minecraft:crafting_shaped","pattern":["   ","   "],"key":{},"result":{"item":"shutter:azalea_quark_shutter","count":4}}: Index 0 out of bounds for length 0
[21:51:52] [WARN] Error parsing recipe lethality:grievance[kubejs:shaped]: {"type":"minecraft:crafting_shaped","result":{"item":"lethality:grievance","count":1,"nbt":"{Damage:0}"},"pattern":["abc","feb","gfa"],"key":{"a":{"item":"lethality:annihilation_alloy"},"b":{"item":"terramity:profanum"},"c":{"item":"terramity:spiteful_soul"},"e":{"item":"fantasy_weapons:weapon_volcano_flame"},"f":{"item":"enigmaticlegacy:evil_essence"},"g":{"item":"terramity:murasama"},"i":{"item":"lethality:annihilation_alloy"}}}: Key defines symbols that aren't used in pattern: [i]
[21:51:52] [INFO] Added 59 recipes, removed 50 recipes, modified 22 recipes, with 59 failed recipes in 415.0 ms
[21:52:01] [INFO] Server resource reload complete!
